<?xml version="1.0" encoding="UTF-8"?>
<testng-results ignored="0" total="2" passed="2" failed="0" skipped="0">
  <reporter-output>
  </reporter-output>
  <suite started-at="2024-03-17T15:08:40 BDT" name="Default suite" finished-at="2024-03-17T15:10:36 BDT" duration-ms="116510">
    <groups>
    </groups>
    <test started-at="2024-03-17T15:08:40 BDT" name="Default test" finished-at="2024-03-17T15:10:36 BDT" duration-ms="116510">
      <class name="sqa.AppAutomationTest.AppTest">
        <test-method is-config="true" signature="setDevice()[pri:0, instance:sqa.AppAutomationTest.AppTest@58e1d9d]" started-at="2024-03-17T15:08:40 BDT" name="setDevice" finished-at="2024-03-17T15:08:47 BDT" duration-ms="7332" status="PASS">
          <reporter-output>
          </reporter-output>
        </test-method> <!-- setDevice -->
        <test-method signature="app_test_1()[pri:1, instance:sqa.AppAutomationTest.AppTest@58e1d9d]" started-at="2024-03-17T15:08:47 BDT" name="app_test_1" finished-at="2024-03-17T15:09:20 BDT" duration-ms="32359" status="PASS">
          <reporter-output>
          </reporter-output>
        </test-method> <!-- app_test_1 -->
        <test-method signature="app_test_2()[pri:2, instance:sqa.AppAutomationTest.AppTest@58e1d9d]" started-at="2024-03-17T15:09:20 BDT" name="app_test_2" finished-at="2024-03-17T15:10:36 BDT" duration-ms="76235" status="PASS">
          <reporter-output>
          </reporter-output>
        </test-method> <!-- app_test_2 -->
        <test-method is-config="true" signature="closeApp()[pri:0, instance:sqa.AppAutomationTest.AppTest@58e1d9d]" started-at="2024-03-17T15:10:36 BDT" name="closeApp" finished-at="2024-03-17T15:10:36 BDT" duration-ms="483" status="PASS">
          <reporter-output>
          </reporter-output>
        </test-method> <!-- closeApp -->
      </class> <!-- sqa.AppAutomationTest.AppTest -->
    </test> <!-- Default test -->
  </suite> <!-- Default suite -->
</testng-results>
